<?xml version="1.0" encoding="UTF-8"?>
<testng-results ignored="0" total="1" passed="1" failed="0" skipped="0">
  <reporter-output>
  </reporter-output>
  <suite started-at="2023-08-29T15:35:30 IST" name="Default suite" finished-at="2023-08-29T15:35:43 IST" duration-ms="13429">
    <groups>
    </groups>
    <test started-at="2023-08-29T15:35:30 IST" name="Default test" finished-at="2023-08-29T15:35:43 IST" duration-ms="13429">
      <class name="ShopperStack.ShopperStack">
        <test-method signature="registerAsAStopper()[pri:0, instance:ShopperStack.ShopperStack@69fb6037]" started-at="2023-08-29T15:35:30 IST" name="registerAsAStopper" finished-at="2023-08-29T15:35:43 IST" duration-ms="13356" status="PASS">
          <reporter-output>
          </reporter-output>
        </test-method> <!-- registerAsAStopper -->
      </class> <!-- ShopperStack.ShopperStack -->
    </test> <!-- Default test -->
  </suite> <!-- Default suite -->
</testng-results>
