<?xml version="1.0" encoding="UTF-8"?>
<!-- Generated by org.testng.reporters.JUnitXMLReporter -->
<testsuite ignored="0" hostname="DESKTOP-2T02PLP" failures="0" tests="4" name="Test" time="6.606" errors="0" timestamp="2023-08-04T16:06:52 IST">
  <testcase classname="CrudWithBddWithReqres.Create" name="create" time="4.268"/>
  <testcase classname="CrudWithBddWithReqres.Update" name="update" time="0.973"/>
  <testcase classname="CrudWithBddWithReqres.Get" name="get" time="0.419"/>
  <testcase classname="CrudWithBddWithReqres.Delete" name="delete" time="0.86"/>
</testsuite> <!-- Test -->
